{"C:\\Users\\pierr\\Documents\\ptdx\\text-justify-api\\src\\middlewares\\auth.ts": {"path":"C:\\Users\\pierr\\Documents\\ptdx\\text-justify-api\\src\\middlewares\\auth.ts","statementMap":{"0":{"start":{"line":2,"column":0},"end":{"line":2,"column":40}},"1":{"start":{"line":4,"column":30},"end":{"line":35,"column":1}},"2":{"start":{"line":9,"column":4},"end":{"line":34,"column":5}},"3":{"start":{"line":10,"column":27},"end":{"line":10,"column":52}},"4":{"start":{"line":11,"column":8},"end":{"line":13,"column":9}},"5":{"start":{"line":12,"column":12},"end":{"line":12,"column":82}},"6":{"start":{"line":15,"column":22},"end":{"line":15,"column":46}},"7":{"start":{"line":16,"column":25},"end":{"line":16,"column":55}},"8":{"start":{"line":18,"column":8},"end":{"line":20,"column":9}},"9":{"start":{"line":19,"column":12},"end":{"line":19,"column":73}},"10":{"start":{"line":23,"column":8},"end":{"line":26,"column":9}},"11":{"start":{"line":24,"column":12},"end":{"line":24,"column":45}},"12":{"start":{"line":25,"column":12},"end":{"line":25,"column":68}},"13":{"start":{"line":28,"column":9},"end":{"line":28,"column":35}},"14":{"start":{"line":29,"column":9},"end":{"line":29,"column":44}},"15":{"start":{"line":30,"column":8},"end":{"line":30,"column":15}},"16":{"start":{"line":32,"column":8},"end":{"line":32,"column":56}},"17":{"start":{"line":33,"column":8},"end":{"line":33,"column":59}},"18":{"start":{"line":4,"column":13},"end":{"line":4,"column":30}},"19":{"start":{"line":37,"column":24},"end":{"line":50,"column":1}},"20":{"start":{"line":38,"column":4},"end":{"line":49,"column":5}},"21":{"start":{"line":39,"column":22},"end":{"line":39,"column":71}},"22":{"start":{"line":40,"column":26},"end":{"line":40,"column":68}},"23":{"start":{"line":42,"column":25},"end":{"line":42,"column":63}},"24":{"start":{"line":43,"column":8},"end":{"line":43,"column":30}},"25":{"start":{"line":45,"column":8},"end":{"line":45,"column":21}},"26":{"start":{"line":47,"column":8},"end":{"line":47,"column":54}},"27":{"start":{"line":48,"column":8},"end":{"line":48,"column":18}},"28":{"start":{"line":37,"column":13},"end":{"line":37,"column":24}}},"fnMap":{"0":{"name":"(anonymous_0)","decl":{"start":{"line":4,"column":30},"end":{"line":4,"column":35}},"loc":{"start":{"line":8,"column":4},"end":{"line":35,"column":1}}},"1":{"name":"(anonymous_1)","decl":{"start":{"line":37,"column":24},"end":{"line":37,"column":29}},"loc":{"start":{"line":37,"column":65},"end":{"line":50,"column":1}}}},"branchMap":{"0":{"loc":{"start":{"line":11,"column":8},"end":{"line":13,"column":9}},"type":"if","locations":[{"start":{"line":11,"column":8},"end":{"line":13,"column":9}},{"start":{},"end":{}}]},"1":{"loc":{"start":{"line":11,"column":12},"end":{"line":11,"column":60}},"type":"binary-expr","locations":[{"start":{"line":11,"column":12},"end":{"line":11,"column":23}},{"start":{"line":11,"column":27},"end":{"line":11,"column":60}}]},"2":{"loc":{"start":{"line":18,"column":8},"end":{"line":20,"column":9}},"type":"if","locations":[{"start":{"line":18,"column":8},"end":{"line":20,"column":9}},{"start":{},"end":{}}]},"3":{"loc":{"start":{"line":23,"column":8},"end":{"line":26,"column":9}},"type":"if","locations":[{"start":{"line":23,"column":8},"end":{"line":26,"column":9}},{"start":{},"end":{}}]}},"s":{"0":2,"1":2,"2":7,"3":7,"4":7,"5":2,"6":5,"7":5,"8":5,"9":1,"10":4,"11":2,"12":2,"13":2,"14":2,"15":2,"16":0,"17":0,"18":2,"19":2,"20":14,"21":14,"22":14,"23":14,"24":14,"25":14,"26":0,"27":0,"28":2},"f":{"0":7,"1":14},"b":{"0":[2,5],"1":[7,6],"2":[1,4],"3":[2,2]}}
,"C:\\Users\\pierr\\Documents\\ptdx\\text-justify-api\\src\\models\\Token.ts": {"path":"C:\\Users\\pierr\\Documents\\ptdx\\text-justify-api\\src\\models\\Token.ts","statementMap":{"0":{"start":{"line":1,"column":0},"end":{"line":1,"column":54}},"1":{"start":{"line":10,"column":20},"end":{"line":15,"column":2}},"2":{"start":{"line":18,"column":0},"end":{"line":18,"column":63}},"3":{"start":{"line":20,"column":13},"end":{"line":20,"column":66}}},"fnMap":{},"branchMap":{},"s":{"0":2,"1":2,"2":2,"3":2},"f":{},"b":{}}
,"C:\\Users\\pierr\\Documents\\ptdx\\text-justify-api\\src\\routes\\token.ts": {"path":"C:\\Users\\pierr\\Documents\\ptdx\\text-justify-api\\src\\routes\\token.ts","statementMap":{"0":{"start":{"line":1,"column":0},"end":{"line":1,"column":53}},"1":{"start":{"line":2,"column":0},"end":{"line":2,"column":47}},"2":{"start":{"line":3,"column":0},"end":{"line":3,"column":40}},"3":{"start":{"line":5,"column":15},"end":{"line":5,"column":31}},"4":{"start":{"line":12,"column":0},"end":{"line":46,"column":3}},"5":{"start":{"line":13,"column":4},"end":{"line":45,"column":5}},"6":{"start":{"line":14,"column":26},"end":{"line":14,"column":34}},"7":{"start":{"line":17,"column":8},"end":{"line":21,"column":9}},"8":{"start":{"line":18,"column":12},"end":{"line":20,"column":64}},"9":{"start":{"line":24,"column":27},"end":{"line":24,"column":55}},"10":{"start":{"line":25,"column":8},"end":{"line":27,"column":9}},"11":{"start":{"line":26,"column":12},"end":{"line":26,"column":79}},"12":{"start":{"line":30,"column":30},"end":{"line":33,"column":10}},"13":{"start":{"line":35,"column":8},"end":{"line":37,"column":9}},"14":{"start":{"line":36,"column":12},"end":{"line":36,"column":60}},"15":{"start":{"line":40,"column":22},"end":{"line":40,"column":43}},"16":{"start":{"line":41,"column":8},"end":{"line":41,"column":28}},"17":{"start":{"line":43,"column":8},"end":{"line":43,"column":56}},"18":{"start":{"line":44,"column":8},"end":{"line":44,"column":59}},"19":{"start":{"line":48,"column":0},"end":{"line":48,"column":22}}},"fnMap":{"0":{"name":"(anonymous_1)","decl":{"start":{"line":12,"column":17},"end":{"line":12,"column":22}},"loc":{"start":{"line":12,"column":55},"end":{"line":46,"column":1}}}},"branchMap":{"0":{"loc":{"start":{"line":17,"column":8},"end":{"line":21,"column":9}},"type":"if","locations":[{"start":{"line":17,"column":8},"end":{"line":21,"column":9}},{"start":{},"end":{}}]},"1":{"loc":{"start":{"line":17,"column":12},"end":{"line":17,"column":47}},"type":"binary-expr","locations":[{"start":{"line":17,"column":12},"end":{"line":17,"column":18}},{"start":{"line":17,"column":22},"end":{"line":17,"column":47}}]},"2":{"loc":{"start":{"line":25,"column":8},"end":{"line":27,"column":9}},"type":"if","locations":[{"start":{"line":25,"column":8},"end":{"line":27,"column":9}},{"start":{},"end":{}}]},"3":{"loc":{"start":{"line":35,"column":8},"end":{"line":37,"column":9}},"type":"if","locations":[{"start":{"line":35,"column":8},"end":{"line":37,"column":9}},{"start":{},"end":{}}]}},"s":{"0":1,"1":1,"2":1,"3":1,"4":1,"5":15,"6":15,"7":15,"8":2,"9":13,"10":13,"11":5,"12":8,"13":8,"14":1,"15":7,"16":7,"17":0,"18":0,"19":1},"f":{"0":15},"b":{"0":[2,13],"1":[15,14],"2":[5,8],"3":[1,7]}}
}
