TN:
SF:src\middlewares\auth.ts
FN:4,(anonymous_0)
FN:37,(anonymous_1)
FNF:2
FNH:2
FNDA:7,(anonymous_0)
FNDA:14,(anonymous_1)
DA:2,2
DA:4,2
DA:9,7
DA:10,7
DA:11,7
DA:12,2
DA:15,5
DA:16,5
DA:18,5
DA:19,1
DA:23,4
DA:24,2
DA:25,2
DA:28,2
DA:29,2
DA:30,2
DA:32,0
DA:33,0
DA:37,2
DA:38,14
DA:39,14
DA:40,14
DA:42,14
DA:43,14
DA:45,14
DA:47,0
DA:48,0
LF:27
LH:23
BRDA:11,0,0,2
BRDA:11,0,1,5
BRDA:11,1,0,7
BRDA:11,1,1,6
BRDA:18,2,0,1
BRDA:18,2,1,4
BRDA:23,3,0,2
BRDA:23,3,1,2
BRF:8
BRH:8
end_of_record
TN:
SF:src\models\Token.ts
FNF:0
FNH:0
DA:1,2
DA:10,2
DA:17,2
DA:19,2
LF:4
LH:4
BRF:0
BRH:0
end_of_record
TN:
SF:src\routes\token.ts
FN:12,(anonymous_1)
FNF:1
FNH:1
FNDA:15,(anonymous_1)
DA:1,1
DA:2,1
DA:3,1
DA:5,1
DA:12,1
DA:13,15
DA:14,15
DA:17,15
DA:18,2
DA:24,13
DA:25,13
DA:26,5
DA:30,8
DA:35,8
DA:36,1
DA:40,7
DA:41,7
DA:43,0
DA:44,0
DA:48,1
LF:20
LH:18
BRDA:17,0,0,2
BRDA:17,0,1,13
BRDA:17,1,0,15
BRDA:17,1,1,14
BRDA:25,2,0,5
BRDA:25,2,1,8
BRDA:35,3,0,1
BRDA:35,3,1,7
BRF:8
BRH:8
end_of_record
